This is pdfTeX, Version 3.14159265-2.6-1.40.21 (TeX Live 2020) (preloaded format=pdflatex 2020.5.24)  29 JUN 2020 16:27
entering extended mode
 restricted \write18 enabled.
 %&-line parsing enabled.
**facebook_analysis.tex
(./facebook_analysis.tex
LaTeX2e <2020-02-02> patch level 5
L3 programming layer <2020-05-15> (/Users/Rui/Library/TinyTeX/texmf-dist/tex/la
tex/base/article.cls
Document Class: article 2019/12/20 v1.4l Standard LaTeX document class
(/Users/Rui/Library/TinyTeX/texmf-dist/tex/latex/base/size10.clo
File: size10.clo 2019/12/20 v1.4l Standard LaTeX file (size option)
)
\c@part=\count167
\c@section=\count168
\c@subsection=\count169
\c@subsubsection=\count170
\c@paragraph=\count171
\c@subparagraph=\count172
\c@figure=\count173
\c@table=\count174
\abovecaptionskip=\skip47
\belowcaptionskip=\skip48
\bibindent=\dimen134
) (/Users/Rui/Library/TinyTeX/texmf-dist/tex/latex/lm/lmodern.sty
Package: lmodern 2009/10/30 v1.6 Latin Modern Fonts
LaTeX Font Info:    Overwriting symbol font `operators' in version `normal'
(Font)                  OT1/cmr/m/n --> OT1/lmr/m/n on input line 22.
LaTeX Font Info:    Overwriting symbol font `letters' in version `normal'
(Font)                  OML/cmm/m/it --> OML/lmm/m/it on input line 23.
LaTeX Font Info:    Overwriting symbol font `symbols' in version `normal'
(Font)                  OMS/cmsy/m/n --> OMS/lmsy/m/n on input line 24.
LaTeX Font Info:    Overwriting symbol font `largesymbols' in version `normal'
(Font)                  OMX/cmex/m/n --> OMX/lmex/m/n on input line 25.
LaTeX Font Info:    Overwriting symbol font `operators' in version `bold'
(Font)                  OT1/cmr/bx/n --> OT1/lmr/bx/n on input line 26.
LaTeX Font Info:    Overwriting symbol font `letters' in version `bold'
(Font)                  OML/cmm/b/it --> OML/lmm/b/it on input line 27.
LaTeX Font Info:    Overwriting symbol font `symbols' in version `bold'
(Font)                  OMS/cmsy/b/n --> OMS/lmsy/b/n on input line 28.
LaTeX Font Info:    Overwriting symbol font `largesymbols' in version `bold'
(Font)                  OMX/cmex/m/n --> OMX/lmex/m/n on input line 29.
LaTeX Font Info:    Overwriting math alphabet `\mathbf' in version `normal'
(Font)                  OT1/cmr/bx/n --> OT1/lmr/bx/n on input line 31.
LaTeX Font Info:    Overwriting math alphabet `\mathsf' in version `normal'
(Font)                  OT1/cmss/m/n --> OT1/lmss/m/n on input line 32.
LaTeX Font Info:    Overwriting math alphabet `\mathit' in version `normal'
(Font)                  OT1/cmr/m/it --> OT1/lmr/m/it on input line 33.
LaTeX Font Info:    Overwriting math alphabet `\mathtt' in version `normal'
(Font)                  OT1/cmtt/m/n --> OT1/lmtt/m/n on input line 34.
LaTeX Font Info:    Overwriting math alphabet `\mathbf' in version `bold'
(Font)                  OT1/cmr/bx/n --> OT1/lmr/bx/n on input line 35.
LaTeX Font Info:    Overwriting math alphabet `\mathsf' in version `bold'
(Font)                  OT1/cmss/bx/n --> OT1/lmss/bx/n on input line 36.
LaTeX Font Info:    Overwriting math alphabet `\mathit' in version `bold'
(Font)                  OT1/cmr/bx/it --> OT1/lmr/bx/it on input line 37.
LaTeX Font Info:    Overwriting math alphabet `\mathtt' in version `bold'
(Font)                  OT1/cmtt/m/n --> OT1/lmtt/m/n on input line 38.
) (/Users/Rui/Library/TinyTeX/texmf-dist/tex/latex/amsfonts/amssymb.sty
Package: amssymb 2013/01/14 v3.01 AMS font symbols
(/Users/Rui/Library/TinyTeX/texmf-dist/tex/latex/amsfonts/amsfonts.sty
Package: amsfonts 2013/01/14 v3.01 Basic AMSFonts support
\@emptytoks=\toks15
\symAMSa=\mathgroup4
\symAMSb=\mathgroup5
LaTeX Font Info:    Redeclaring math symbol \hbar on input line 98.
LaTeX Font Info:    Overwriting math alphabet `\mathfrak' in version `bold'
(Font)                  U/euf/m/n --> U/euf/b/n on input line 106.
)) (/Users/Rui/Library/TinyTeX/texmf-dist/tex/latex/amsmath/amsmath.sty
Package: amsmath 2020/01/20 v2.17e AMS math features
\@mathmargin=\skip49
For additional information on amsmath, use the `?' option.
(/Users/Rui/Library/TinyTeX/texmf-dist/tex/latex/amsmath/amstext.sty
Package: amstext 2000/06/29 v2.01 AMS text
(/Users/Rui/Library/TinyTeX/texmf-dist/tex/latex/amsmath/amsgen.sty
File: amsgen.sty 1999/11/30 v2.0 generic functions
\@emptytoks=\toks16
\ex@=\dimen135
)) (/Users/Rui/Library/TinyTeX/texmf-dist/tex/latex/amsmath/amsbsy.sty
Package: amsbsy 1999/11/29 v1.2d Bold Symbols
\pmbraise@=\dimen136
) (/Users/Rui/Library/TinyTeX/texmf-dist/tex/latex/amsmath/amsopn.sty
Package: amsopn 2016/03/08 v2.02 operator names
)
\inf@bad=\count175
LaTeX Info: Redefining \frac on input line 227.
\uproot@=\count176
\leftroot@=\count177
LaTeX Info: Redefining \overline on input line 389.
\classnum@=\count178
\DOTSCASE@=\count179
LaTeX Info: Redefining \ldots on input line 486.
LaTeX Info: Redefining \dots on input line 489.
LaTeX Info: Redefining \cdots on input line 610.
\Mathstrutbox@=\box45
\strutbox@=\box46
\big@size=\dimen137
LaTeX Font Info:    Redeclaring font encoding OML on input line 733.
LaTeX Font Info:    Redeclaring font encoding OMS on input line 734.
\macc@depth=\count180
\c@MaxMatrixCols=\count181
\dotsspace@=\muskip16
\c@parentequation=\count182
\dspbrk@lvl=\count183
\tag@help=\toks17
\row@=\count184
\column@=\count185
\maxfields@=\count186
\andhelp@=\toks18
\eqnshift@=\dimen138
\alignsep@=\dimen139
\tagshift@=\dimen140
\tagwidth@=\dimen141
\totwidth@=\dimen142
\lineht@=\dimen143
\@envbody=\toks19
\multlinegap=\skip50
\multlinetaggap=\skip51
\mathdisplay@stack=\toks20
LaTeX Info: Redefining \[ on input line 2859.
LaTeX Info: Redefining \] on input line 2860.
) (/Users/Rui/Library/TinyTeX/texmf-dist/tex/generic/iftex/ifxetex.sty
Package: ifxetex 2019/10/25 v0.7 ifxetex legacy package. Use iftex instead.
(/Users/Rui/Library/TinyTeX/texmf-dist/tex/generic/iftex/iftex.sty
Package: iftex 2020/03/06 v1.0d TeX engine tests
)) (/Users/Rui/Library/TinyTeX/texmf-dist/tex/generic/iftex/ifluatex.sty
Package: ifluatex 2019/10/25 v1.5 ifluatex legacy package. Use iftex instead.
) (/Users/Rui/Library/TinyTeX/texmf-dist/tex/latex/base/fixltx2e.sty
Package: fixltx2e 2016/12/29 v2.1a fixes to LaTeX (obsolete)
Applying: [2015/01/01] Old fixltx2e package on input line 46.

Package fixltx2e Warning: fixltx2e is not required with releases after 2015
(fixltx2e)                All fixes are now in the LaTeX kernel.
(fixltx2e)                See the latexrelease package for details.

Already applied: [0000/00/00] Old fixltx2e package on input line 53.
) (/Users/Rui/Library/TinyTeX/texmf-dist/tex/latex/base/fontenc.sty
Package: fontenc 2020/02/11 v2.0o Standard LaTeX package
LaTeX Font Info:    Trying to load font information for T1+lmr on input line 11
2.
(/Users/Rui/Library/TinyTeX/texmf-dist/tex/latex/lm/t1lmr.fd
File: t1lmr.fd 2009/10/30 v1.6 Font defs for Latin Modern
)) (/Users/Rui/Library/TinyTeX/texmf-dist/tex/latex/base/inputenc.sty
Package: inputenc 2018/08/11 v1.3c Input encoding file
\inpenc@prehook=\toks21
\inpenc@posthook=\toks22
) (/Users/Rui/Library/TinyTeX/texmf-dist/tex/latex/base/textcomp.sty
Package: textcomp 2020/02/02 v2.0n Standard LaTeX package
) (/Users/Rui/Library/TinyTeX/texmf-dist/tex/latex/microtype/microtype.sty
Package: microtype 2019/11/18 v2.7d Micro-typographical refinements (RS)
(/Users/Rui/Library/TinyTeX/texmf-dist/tex/latex/graphics/keyval.sty
Package: keyval 2014/10/28 v1.15 key=value parser (DPC)
\KV@toks@=\toks23
)
\MT@toks=\toks24
\MT@count=\count187
LaTeX Info: Redefining \textls on input line 790.
\MT@outer@kern=\dimen144
LaTeX Info: Redefining \textmicrotypecontext on input line 1354.
\MT@listname@count=\count188

(/Users/Rui/Library/TinyTeX/texmf-dist/tex/latex/microtype/microtype-pdftex.def
File: microtype-pdftex.def 2019/11/18 v2.7d Definitions specific to pdftex (RS)

LaTeX Info: Redefining \lsstyle on input line 914.
LaTeX Info: Redefining \lslig on input line 914.
\MT@outer@space=\skip52
)
Package microtype Info: Loading configuration file microtype.cfg.
(/Users/Rui/Library/TinyTeX/texmf-dist/tex/latex/microtype/microtype.cfg
File: microtype.cfg 2019/11/18 v2.7d microtype main configuration file (RS)
)) (/Users/Rui/Library/TinyTeX/texmf-dist/tex/latex/parskip/parskip.sty
Package: parskip 2020-05-19 v2.0e non-zero parskip adjustments
(/Users/Rui/Library/TinyTeX/texmf-dist/tex/latex/kvoptions/kvoptions.sty
Package: kvoptions 2019/11/29 v3.13 Key value format for package options (HO)
(/Users/Rui/Library/TinyTeX/texmf-dist/tex/generic/ltxcmds/ltxcmds.sty
Package: ltxcmds 2019/12/15 v1.24 LaTeX kernel commands for general use (HO)
) (/Users/Rui/Library/TinyTeX/texmf-dist/tex/generic/kvsetkeys/kvsetkeys.sty
Package: kvsetkeys 2019/12/15 v1.18 Key value parser (HO)
)) (/Users/Rui/Library/TinyTeX/texmf-dist/tex/latex/etoolbox/etoolbox.sty
Package: etoolbox 2019/09/21 v2.5h e-TeX tools for LaTeX (JAW)
\etb@tempcnta=\count189
)) (/Users/Rui/Library/TinyTeX/texmf-dist/tex/latex/hyperref/hyperref.sty
Package: hyperref 2020-05-15 v7.00e Hypertext links for LaTeX
(/Users/Rui/Library/TinyTeX/texmf-dist/tex/latex/pdftexcmds/pdftexcmds.sty
Package: pdftexcmds 2019/11/24 v0.31 Utility functions of pdfTeX for LuaTeX (HO
)
(/Users/Rui/Library/TinyTeX/texmf-dist/tex/generic/infwarerr/infwarerr.sty
Package: infwarerr 2019/12/03 v1.5 Providing info/warning/error messages (HO)
)
Package pdftexcmds Info: \pdf@primitive is available.
Package pdftexcmds Info: \pdf@ifprimitive is available.
Package pdftexcmds Info: \pdfdraftmode found.
)
(/Users/Rui/Library/TinyTeX/texmf-dist/tex/generic/kvdefinekeys/kvdefinekeys.st
y
Package: kvdefinekeys 2019-12-19 v1.6 Define keys (HO)
) (/Users/Rui/Library/TinyTeX/texmf-dist/tex/generic/pdfescape/pdfescape.sty
Package: pdfescape 2019/12/09 v1.15 Implements pdfTeX's escape features (HO)
) (/Users/Rui/Library/TinyTeX/texmf-dist/tex/latex/hycolor/hycolor.sty
Package: hycolor 2020-01-27 v1.10 Color options for hyperref/bookmark (HO)
) (/Users/Rui/Library/TinyTeX/texmf-dist/tex/latex/letltxmacro/letltxmacro.sty
Package: letltxmacro 2019/12/03 v1.6 Let assignment for LaTeX macros (HO)
) (/Users/Rui/Library/TinyTeX/texmf-dist/tex/latex/auxhook/auxhook.sty
Package: auxhook 2019-12-17 v1.6 Hooks for auxiliary files (HO)
)
\@linkdim=\dimen145
\Hy@linkcounter=\count190
\Hy@pagecounter=\count191
(/Users/Rui/Library/TinyTeX/texmf-dist/tex/latex/hyperref/pd1enc.def
File: pd1enc.def 2020-05-15 v7.00e Hyperref: PDFDocEncoding definition (HO)
Now handling font encoding PD1 ...
... no UTF-8 mapping file for font encoding PD1
) (/Users/Rui/Library/TinyTeX/texmf-dist/tex/generic/intcalc/intcalc.sty
Package: intcalc 2019/12/15 v1.3 Expandable calculations with integers (HO)
) (/Users/Rui/Library/TinyTeX/texmf-dist/tex/generic/etexcmds/etexcmds.sty
Package: etexcmds 2019/12/15 v1.7 Avoid name clashes with e-TeX commands (HO)
)
\Hy@SavedSpaceFactor=\count192
Package hyperref Info: Option `unicode' set `true' on input line 4338.
(/Users/Rui/Library/TinyTeX/texmf-dist/tex/latex/hyperref/puenc.def
File: puenc.def 2020-05-15 v7.00e Hyperref: PDF Unicode definition (HO)
Now handling font encoding PU ...
... no UTF-8 mapping file for font encoding PU
)
Package hyperref Info: Hyper figures OFF on input line 4464.
Package hyperref Info: Link nesting OFF on input line 4469.
Package hyperref Info: Hyper index ON on input line 4472.
Package hyperref Info: Plain pages OFF on input line 4479.
Package hyperref Info: Backreferencing OFF on input line 4484.
Package hyperref Info: Implicit mode ON; LaTeX internals redefined.
Package hyperref Info: Bookmarks ON on input line 4717.
\c@Hy@tempcnt=\count193
(/Users/Rui/Library/TinyTeX/texmf-dist/tex/latex/url/url.sty
\Urlmuskip=\muskip17
Package: url 2013/09/16  ver 3.4  Verb mode for urls, etc.
)
LaTeX Info: Redefining \url on input line 5076.
\XeTeXLinkMargin=\dimen146
(/Users/Rui/Library/TinyTeX/texmf-dist/tex/generic/bitset/bitset.sty
Package: bitset 2019/12/09 v1.3 Handle bit-vector datatype (HO)
(/Users/Rui/Library/TinyTeX/texmf-dist/tex/generic/bigintcalc/bigintcalc.sty
Package: bigintcalc 2019/12/15 v1.5 Expandable calculations on big integers (HO
)
))
\Fld@menulength=\count194
\Field@Width=\dimen147
\Fld@charsize=\dimen148
Package hyperref Info: Hyper figures OFF on input line 6347.
Package hyperref Info: Link nesting OFF on input line 6352.
Package hyperref Info: Hyper index ON on input line 6355.
Package hyperref Info: backreferencing OFF on input line 6362.
Package hyperref Info: Link coloring OFF on input line 6367.
Package hyperref Info: Link coloring with OCG OFF on input line 6372.
Package hyperref Info: PDF/A mode OFF on input line 6377.
LaTeX Info: Redefining \ref on input line 6417.
LaTeX Info: Redefining \pageref on input line 6421.
(/Users/Rui/Library/TinyTeX/texmf-dist/tex/generic/atbegshi/atbegshi.sty
Package: atbegshi 2019/12/05 v1.19 At begin shipout hook (HO)
)
\Hy@abspage=\count195
\c@Item=\count196
\c@Hfootnote=\count197
)
Package hyperref Info: Driver (autodetected): hpdftex.
(/Users/Rui/Library/TinyTeX/texmf-dist/tex/latex/hyperref/hpdftex.def
File: hpdftex.def 2020-05-15 v7.00e Hyperref driver for pdfTeX
(/Users/Rui/Library/TinyTeX/texmf-dist/tex/latex/atveryend/atveryend.sty
Package: atveryend 2019-12-11 v1.11 Hooks at the very end of document (HO)
)
\Fld@listcount=\count198
\c@bookmark@seq@number=\count199

(/Users/Rui/Library/TinyTeX/texmf-dist/tex/latex/rerunfilecheck/rerunfilecheck.
sty
Package: rerunfilecheck 2019/12/05 v1.9 Rerun checks for auxiliary files (HO)

(/Users/Rui/Library/TinyTeX/texmf-dist/tex/generic/uniquecounter/uniquecounter.
sty
Package: uniquecounter 2019/12/15 v1.4 Provide unlimited unique counter (HO)
)
Package uniquecounter Info: New unique counter `rerunfilecheck' on input line 2
86.
)
\Hy@SectionHShift=\skip53
)
Package hyperref Info: Option `breaklinks' set `true' on input line 35.
(/Users/Rui/Library/TinyTeX/texmf-dist/tex/latex/geometry/geometry.sty
Package: geometry 2020/01/02 v5.9 Page Geometry
(/Users/Rui/Library/TinyTeX/texmf-dist/tex/generic/iftex/ifvtex.sty
Package: ifvtex 2019/10/25 v1.7 ifvtex legacy package. Use iftex instead.
)
\Gm@cnth=\count266
\Gm@cntv=\count267
\c@Gm@tempcnt=\count268
\Gm@bindingoffset=\dimen149
\Gm@wd@mp=\dimen150
\Gm@odd@mp=\dimen151
\Gm@even@mp=\dimen152
\Gm@layoutwidth=\dimen153
\Gm@layoutheight=\dimen154
\Gm@layouthoffset=\dimen155
\Gm@layoutvoffset=\dimen156
\Gm@dimlist=\toks25
) (/Users/Rui/Library/TinyTeX/texmf-dist/tex/latex/graphics/color.sty
Package: color 2019/11/23 v1.2a Standard LaTeX Color (DPC)
(/Users/Rui/Library/TinyTeX/texmf-dist/tex/latex/graphics-cfg/color.cfg
File: color.cfg 2016/01/02 v1.6 sample color configuration
)
Package color Info: Driver file: pdftex.def on input line 147.
(/Users/Rui/Library/TinyTeX/texmf-dist/tex/latex/graphics-def/pdftex.def
File: pdftex.def 2018/01/08 v1.0l Graphics/color driver for pdftex
)) (/Users/Rui/Library/TinyTeX/texmf-dist/tex/latex/fancyvrb/fancyvrb.sty
Package: fancyvrb 2020/05/03 v3.6 verbatim text (tvz,hv)
\FV@CodeLineNo=\count269
\FV@InFile=\read2
\FV@TabBox=\box47
\c@FancyVerbLine=\count270
\FV@StepNumber=\count271
\FV@OutFile=\write3
) (/Users/Rui/Library/TinyTeX/texmf-dist/tex/latex/framed/framed.sty
Package: framed 2011/10/22 v 0.96: framed or shaded text with page breaks
\OuterFrameSep=\skip54
\fb@frw=\dimen157
\fb@frh=\dimen158
\FrameRule=\dimen159
\FrameSep=\dimen160
) (/Users/Rui/Library/TinyTeX/texmf-dist/tex/latex/tools/longtable.sty
Package: longtable 2020/01/07 v4.13 Multi-page Table package (DPC)
\LTleft=\skip55
\LTright=\skip56
\LTpre=\skip57
\LTpost=\skip58
\LTchunksize=\count272
\LTcapwidth=\dimen161
\LT@head=\box48
\LT@firsthead=\box49
\LT@foot=\box50
\LT@lastfoot=\box51
\LT@cols=\count273
\LT@rows=\count274
\c@LT@tables=\count275
\c@LT@chunks=\count276
\LT@p@ftn=\toks26
) (/Users/Rui/Library/TinyTeX/texmf-dist/tex/latex/booktabs/booktabs.sty
Package: booktabs 2020/01/12 v1.61803398 Publication quality tables
\heavyrulewidth=\dimen162
\lightrulewidth=\dimen163
\cmidrulewidth=\dimen164
\belowrulesep=\dimen165
\belowbottomsep=\dimen166
\aboverulesep=\dimen167
\abovetopsep=\dimen168
\cmidrulesep=\dimen169
\cmidrulekern=\dimen170
\defaultaddspace=\dimen171
\@cmidla=\count277
\@cmidlb=\count278
\@aboverulesep=\dimen172
\@belowrulesep=\dimen173
\@thisruleclass=\count279
\@lastruleclass=\count280
\@thisrulewidth=\dimen174
) (/Users/Rui/Library/TinyTeX/texmf-dist/tex/latex/mdwtools/footnote.sty
Package: footnote 1997/01/28 1.13 Save footnotes around boxes
\fn@notes=\box52
\fn@width=\dimen175
) (/Users/Rui/Library/TinyTeX/texmf-dist/tex/latex/graphics/graphicx.sty
Package: graphicx 2019/11/30 v1.2a Enhanced LaTeX Graphics (DPC,SPQR)
(/Users/Rui/Library/TinyTeX/texmf-dist/tex/latex/graphics/graphics.sty
Package: graphics 2019/11/30 v1.4a Standard LaTeX Graphics (DPC,SPQR)
(/Users/Rui/Library/TinyTeX/texmf-dist/tex/latex/graphics/trig.sty
Package: trig 2016/01/03 v1.10 sin cos tan (DPC)
) (/Users/Rui/Library/TinyTeX/texmf-dist/tex/latex/graphics-cfg/graphics.cfg
File: graphics.cfg 2016/06/04 v1.11 sample graphics configuration
)
Package graphics Info: Driver file: pdftex.def on input line 105.
)
\Gin@req@height=\dimen176
\Gin@req@width=\dimen177
) (/Users/Rui/Library/TinyTeX/texmf-dist/tex/latex/grffile/grffile.sty
Package: grffile 2019/11/11 v2.1 Extended file name support for graphics (legac
y)
Package grffile Info: This package is an empty stub for compatibility on input 
line 40.
) (/Users/Rui/Library/TinyTeX/texmf-dist/tex/latex/tools/array.sty
Package: array 2019/08/31 v2.4l Tabular extension package (FMi)
\col@sep=\dimen178
\ar@mcellbox=\box53
\extrarowheight=\dimen179
\NC@list=\toks27
\extratabsurround=\skip59
\backup@length=\skip60
\ar@cellbox=\box54
) (/Users/Rui/Library/TinyTeX/texmf-dist/tex/latex/multirow/multirow.sty
Package: multirow 2019/05/31 v2.5 Span multiple rows of a table
\multirow@colwidth=\skip61
\multirow@cntb=\count281
\multirow@dima=\skip62
\bigstrutjot=\dimen180
) (/Users/Rui/Library/TinyTeX/texmf-dist/tex/latex/wrapfig/wrapfig.sty
\wrapoverhang=\dimen181
\WF@size=\dimen182
\c@WF@wrappedlines=\count282
\WF@box=\box55
\WF@everypar=\toks28
Package: wrapfig 2003/01/31  v 3.6
) (/Users/Rui/Library/TinyTeX/texmf-dist/tex/latex/float/float.sty
Package: float 2001/11/08 v1.3d Float enhancements (AL)
\c@float@type=\count283
\float@exts=\toks29
\float@box=\box56
\@float@everytoks=\toks30
\@floatcapt=\box57
) (/Users/Rui/Library/TinyTeX/texmf-dist/tex/latex/colortbl/colortbl.sty
Package: colortbl 2020/01/04 v1.0e Color table columns (DPC)
\everycr=\toks31
\minrowclearance=\skip63
) (/Users/Rui/Library/TinyTeX/texmf-dist/tex/latex/pdflscape/pdflscape.sty
Package: pdflscape 2019/12/05 v0.12 Display of landscape pages in PDF (HO)
(/Users/Rui/Library/TinyTeX/texmf-dist/tex/latex/graphics/lscape.sty
Package: lscape 2000/10/22 v3.01 Landscape Pages (DPC)
)
Package pdflscape Info: Auto-detected driver: pdftex on input line 81.
) (/Users/Rui/Library/TinyTeX/texmf-dist/tex/latex/tabu/tabu.sty
Package: tabu 2019/01/11 v2.9 - flexible LaTeX tabulars (FC+tabu-fixed)
(/Users/Rui/Library/TinyTeX/texmf-dist/tex/latex/varwidth/varwidth.sty
Package: varwidth 2009/03/30 ver 0.92;  Variable-width minipages
\@vwid@box=\box58
\sift@deathcycles=\count284
\@vwid@loff=\dimen183
\@vwid@roff=\dimen184
)
\c@taburow=\count285
\tabu@nbcols=\count286
\tabu@cnt=\count287
\tabu@Xcol=\count288
\tabu@alloc=\count289
\tabu@nested=\count290
\tabu@target=\dimen185
\tabu@spreadtarget=\dimen186
\tabu@naturalX=\dimen187
\tabucolX=\dimen188
\tabu@Xsum=\dimen189
\extrarowdepth=\dimen190
\abovetabulinesep=\dimen191
\belowtabulinesep=\dimen192
\tabustrutrule=\dimen193
\tabu@thebody=\toks32
\tabu@footnotes=\toks33
\tabu@box=\box59
\tabu@arstrutbox=\box60
\tabu@hleads=\box61
\tabu@vleads=\box62
\tabu@cellskip=\skip64
)
(/Users/Rui/Library/TinyTeX/texmf-dist/tex/latex/threeparttable/threeparttable.
sty
Package: threeparttable 2003/06/13  v 3.0
\@tempboxb=\box63
)
(/Users/Rui/Library/TinyTeX/texmf-dist/tex/latex/threeparttablex/threeparttable
x.sty
Package: threeparttablex 2013/07/23 v0.3 by daleif
(/Users/Rui/Library/TinyTeX/texmf-dist/tex/latex/environ/environ.sty
Package: environ 2014/05/04 v0.3 A new way to define environments
(/Users/Rui/Library/TinyTeX/texmf-dist/tex/latex/trimspaces/trimspaces.sty
Package: trimspaces 2009/09/17 v1.1 Trim spaces around a token list
))
\TPTL@width=\skip65
) (/Users/Rui/Library/TinyTeX/texmf-dist/tex/generic/ulem/ulem.sty
\UL@box=\box64
\UL@hyphenbox=\box65
\UL@skip=\skip66
\UL@hook=\toks34
\UL@height=\dimen194
\UL@pe=\count291
\UL@pixel=\dimen195
\ULC@box=\box66
Package: ulem 2019/11/18
\ULdepth=\dimen196
) (/Users/Rui/Library/TinyTeX/texmf-dist/tex/latex/makecell/makecell.sty
Package: makecell 2009/08/03 V0.1e Managing of Tab Column Heads and Cells
\rotheadsize=\dimen197
\c@nlinenum=\count292
\TeXr@lab=\toks35
) (/Users/Rui/Library/TinyTeX/texmf-dist/tex/latex/xcolor/xcolor.sty
Package: xcolor 2016/05/11 v2.12 LaTeX color extensions (UK)
(/Users/Rui/Library/TinyTeX/texmf-dist/tex/latex/graphics-cfg/color.cfg
File: color.cfg 2016/01/02 v1.6 sample color configuration
)
Package xcolor Info: Driver file: pdftex.def on input line 225.
LaTeX Info: Redefining \color on input line 709.
Package xcolor Info: Model `cmy' substituted by `cmy0' on input line 1348.
Package xcolor Info: Model `hsb' substituted by `rgb' on input line 1352.
Package xcolor Info: Model `RGB' extended on input line 1364.
Package xcolor Info: Model `HTML' substituted by `rgb' on input line 1366.
Package xcolor Info: Model `Hsb' substituted by `hsb' on input line 1367.
Package xcolor Info: Model `tHsb' substituted by `hsb' on input line 1368.
Package xcolor Info: Model `HSB' substituted by `hsb' on input line 1369.
Package xcolor Info: Model `Gray' substituted by `gray' on input line 1370.
Package xcolor Info: Model `wave' substituted by `hsb' on input line 1371.
)
(/Users/Rui/Library/TinyTeX/texmf-dist/tex/latex/l3backend/l3backend-pdfmode.de
f
File: l3backend-pdfmode.def 2020-05-05 L3 backend support: PDF mode
\l__kernel_color_stack_int=\count293
\l__pdf_internal_box=\box67
) (./facebook_analysis.aux)
\openout1 = `facebook_analysis.aux'.

LaTeX Font Info:    Checking defaults for OML/cmm/m/it on input line 128.
LaTeX Font Info:    ... okay on input line 128.
LaTeX Font Info:    Checking defaults for OMS/cmsy/m/n on input line 128.
LaTeX Font Info:    ... okay on input line 128.
LaTeX Font Info:    Checking defaults for OT1/cmr/m/n on input line 128.
LaTeX Font Info:    ... okay on input line 128.
LaTeX Font Info:    Checking defaults for T1/cmr/m/n on input line 128.
LaTeX Font Info:    ... okay on input line 128.
LaTeX Font Info:    Checking defaults for TS1/cmr/m/n on input line 128.
LaTeX Font Info:    ... okay on input line 128.
LaTeX Font Info:    Checking defaults for OMX/cmex/m/n on input line 128.
LaTeX Font Info:    ... okay on input line 128.
LaTeX Font Info:    Checking defaults for U/cmr/m/n on input line 128.
LaTeX Font Info:    ... okay on input line 128.
LaTeX Font Info:    Checking defaults for PD1/pdf/m/n on input line 128.
LaTeX Font Info:    ... okay on input line 128.
LaTeX Font Info:    Checking defaults for PU/pdf/m/n on input line 128.
LaTeX Font Info:    ... okay on input line 128.
LaTeX Info: Redefining \microtypecontext on input line 128.
Package microtype Info: Generating PDF output.
Package microtype Info: Character protrusion enabled (level 2).
Package microtype Info: Using protrusion set `basicmath'.
Package microtype Info: Automatic font expansion enabled (level 2),
(microtype)             stretch: 20, shrink: 20, step: 1, non-selected.
Package microtype Info: Using default expansion set `basictext'.
LaTeX Info: Redefining \showhyphens on input line 128.
Package microtype Info: No adjustment of tracking.
Package microtype Info: No adjustment of interword spacing.
Package microtype Info: No adjustment of character kerning.
(/Users/Rui/Library/TinyTeX/texmf-dist/tex/latex/microtype/mt-cmr.cfg
File: mt-cmr.cfg 2013/05/19 v2.2 microtype config. file: Computer Modern Roman 
(RS)
)
\AtBeginShipoutBox=\box68
Package hyperref Info: Link coloring OFF on input line 128.
(/Users/Rui/Library/TinyTeX/texmf-dist/tex/latex/hyperref/nameref.sty
Package: nameref 2019/09/16 v2.46 Cross-referencing by name of section
(/Users/Rui/Library/TinyTeX/texmf-dist/tex/latex/refcount/refcount.sty
Package: refcount 2019/12/15 v3.6 Data extraction from label references (HO)
)
(/Users/Rui/Library/TinyTeX/texmf-dist/tex/generic/gettitlestring/gettitlestrin
g.sty
Package: gettitlestring 2019/12/15 v1.6 Cleanup title references (HO)
)
\c@section@level=\count294
)
LaTeX Info: Redefining \ref on input line 128.
LaTeX Info: Redefining \pageref on input line 128.
LaTeX Info: Redefining \nameref on input line 128.
(./facebook_analysis.out) (./facebook_analysis.out)
\@outlinefile=\write4
\openout4 = `facebook_analysis.out'.

*geometry* driver: auto-detecting
*geometry* detected driver: pdftex
*geometry* verbose mode - [ preamble ] result:
* driver: pdftex
* paper: <default>
* layout: <same size as paper>
* layoutoffset:(h,v)=(0.0pt,0.0pt)
* modes: 
* h-part:(L,W,R)=(72.26999pt, 469.75502pt, 72.26999pt)
* v-part:(T,H,B)=(72.26999pt, 650.43001pt, 72.26999pt)
* \paperwidth=614.295pt
* \paperheight=794.96999pt
* \textwidth=469.75502pt
* \textheight=650.43001pt
* \oddsidemargin=0.0pt
* \evensidemargin=0.0pt
* \topmargin=-37.0pt
* \headheight=12.0pt
* \headsep=25.0pt
* \topskip=10.0pt
* \footskip=30.0pt
* \marginparwidth=65.0pt
* \marginparsep=11.0pt
* \columnsep=10.0pt
* \skip\footins=9.0pt plus 4.0pt minus 2.0pt
* \hoffset=0.0pt
* \voffset=0.0pt
* \mag=1000
* \@twocolumnfalse
* \@twosidefalse
* \@mparswitchfalse
* \@reversemarginfalse
* (1in=72.27pt=25.4mm, 1cm=28.453pt)


(/Users/Rui/Library/TinyTeX/texmf-dist/tex/latex/epstopdf-pkg/epstopdf-base.sty
Package: epstopdf-base 2020-01-24 v2.11 Base part for package epstopdf
Package epstopdf-base Info: Redefining graphics rule for `.eps' on input line 4
85.
(/Users/Rui/Library/TinyTeX/texmf-dist/tex/latex/latexconfig/epstopdf-sys.cfg
File: epstopdf-sys.cfg 2010/07/13 v1.3 Configuration of (r)epstopdf for TeX Liv
e
))
LaTeX Font Info:    Trying to load font information for OT1+lmr on input line 1
30.
(/Users/Rui/Library/TinyTeX/texmf-dist/tex/latex/lm/ot1lmr.fd
File: ot1lmr.fd 2009/10/30 v1.6 Font defs for Latin Modern
)
LaTeX Font Info:    Trying to load font information for OML+lmm on input line 1
30.
(/Users/Rui/Library/TinyTeX/texmf-dist/tex/latex/lm/omllmm.fd
File: omllmm.fd 2009/10/30 v1.6 Font defs for Latin Modern
)
LaTeX Font Info:    Trying to load font information for OMS+lmsy on input line 
130.
(/Users/Rui/Library/TinyTeX/texmf-dist/tex/latex/lm/omslmsy.fd
File: omslmsy.fd 2009/10/30 v1.6 Font defs for Latin Modern
)
LaTeX Font Info:    Trying to load font information for OMX+lmex on input line 
130.
(/Users/Rui/Library/TinyTeX/texmf-dist/tex/latex/lm/omxlmex.fd
File: omxlmex.fd 2009/10/30 v1.6 Font defs for Latin Modern
)
LaTeX Font Info:    External font `lmex10' loaded for size
(Font)              <12> on input line 130.
LaTeX Font Info:    External font `lmex10' loaded for size
(Font)              <8> on input line 130.
LaTeX Font Info:    External font `lmex10' loaded for size
(Font)              <6> on input line 130.
LaTeX Font Info:    Trying to load font information for U+msa on input line 130
.
(/Users/Rui/Library/TinyTeX/texmf-dist/tex/latex/amsfonts/umsa.fd
File: umsa.fd 2013/01/14 v3.01 AMS symbols A
) (/Users/Rui/Library/TinyTeX/texmf-dist/tex/latex/microtype/mt-msa.cfg
File: mt-msa.cfg 2006/02/04 v1.1 microtype config. file: AMS symbols (a) (RS)
)
LaTeX Font Info:    Trying to load font information for U+msb on input line 130
.
(/Users/Rui/Library/TinyTeX/texmf-dist/tex/latex/amsfonts/umsb.fd
File: umsb.fd 2013/01/14 v3.01 AMS symbols B
) (/Users/Rui/Library/TinyTeX/texmf-dist/tex/latex/microtype/mt-msb.cfg
File: mt-msb.cfg 2005/06/01 v1.0 microtype config. file: AMS symbols (b) (RS)
) (./facebook_analysis.toc
LaTeX Font Info:    External font `lmex10' loaded for size
(Font)              <10> on input line 3.
LaTeX Font Info:    External font `lmex10' loaded for size
(Font)              <7> on input line 3.
LaTeX Font Info:    External font `lmex10' loaded for size
(Font)              <5> on input line 3.
)
\tf@toc=\write5
\openout5 = `facebook_analysis.toc'.


Package xcolor Warning: Incompatible color definition on input line 135.

LaTeX Font Info:    Trying to load font information for T1+lmtt on input line 1
36.
(/Users/Rui/Library/TinyTeX/texmf-dist/tex/latex/lm/t1lmtt.fd
File: t1lmtt.fd 2009/10/30 v1.6 Font defs for Latin Modern
)
LaTeX Font Info:    Font shape `T1/lmtt/bx/n' in size <10> not available
(Font)              Font shape `T1/lmtt/b/n' tried instead on input line 137.

Package xcolor Warning: Incompatible color definition on input line 153.


Package xcolor Warning: Incompatible color definition on input line 153.


Package xcolor Warning: Incompatible color definition on input line 153.

[1

{/Users/Rui/Library/TinyTeX/texmf-var/fonts/map/pdftex/updmap/pdftex.map}]

Package xcolor Warning: Incompatible color definition on input line 153.


Package xcolor Warning: Incompatible color definition on input line 153.


Package xcolor Warning: Incompatible color definition on input line 155.


Package xcolor Warning: Incompatible color definition on input line 313.


Package xcolor Warning: Incompatible color definition on input line 313.


Underfull \vbox (badness 10000) detected at line 313
 []


Overfull \vbox (1.84673pt too high) detected at line 313
 []


Package xcolor Warning: Incompatible color definition on input line 313.

[2]

Package xcolor Warning: Incompatible color definition on input line 313.


Package xcolor Warning: Incompatible color definition on input line 313.


Underfull \vbox (badness 10000) detected at line 313
 []


Underfull \vbox (badness 10000) detected at line 313
 []


Package xcolor Warning: Incompatible color definition on input line 313.

[3]

Package xcolor Warning: Incompatible color definition on input line 313.


Package xcolor Warning: Incompatible color definition on input line 313.


Package xcolor Warning: Incompatible color definition on input line 315.

[4]

Package xcolor Warning: Incompatible color definition on input line 358.


Package xcolor Warning: Incompatible color definition on input line 358.


Underfull \hbox (badness 10000) in paragraph at lines 377--379

 []


Underfull \hbox (badness 10000) in paragraph at lines 379--381

 []

[5]
Underfull \hbox (badness 10000) in paragraph at lines 381--383

 []


Underfull \hbox (badness 10000) in paragraph at lines 391--393

 []


Package xcolor Warning: Incompatible color definition on input line 400.


Package xcolor Warning: Incompatible color definition on input line 406.


Package xcolor Warning: Incompatible color definition on input line 406.

<facebook_analysis_files/figure-latex/unnamed-chunk-1-1.pdf, id=159, 216.81pt x
 108.405pt>
File: facebook_analysis_files/figure-latex/unnamed-chunk-1-1.pdf Graphic file (
type pdf)
<use facebook_analysis_files/figure-latex/unnamed-chunk-1-1.pdf>
Package pdftex.def Info: facebook_analysis_files/figure-latex/unnamed-chunk-1-1
.pdf  used on input line 408.
(pdftex.def)             Requested size: 216.81938pt x 108.40968pt.

Package xcolor Warning: Incompatible color definition on input line 438.


Package xcolor Warning: Incompatible color definition on input line 444.


Package xcolor Warning: Incompatible color definition on input line 444.

<facebook_analysis_files/figure-latex/unnamed-chunk-2-1.pdf, id=160, 216.81pt x
 108.405pt>
File: facebook_analysis_files/figure-latex/unnamed-chunk-2-1.pdf Graphic file (
type pdf)
<use facebook_analysis_files/figure-latex/unnamed-chunk-2-1.pdf>
Package pdftex.def Info: facebook_analysis_files/figure-latex/unnamed-chunk-2-1
.pdf  used on input line 446.
(pdftex.def)             Requested size: 216.81938pt x 108.40968pt.
[6 <./facebook_analysis_files/figure-latex/unnamed-chunk-1-1.pdf>]

Package xcolor Warning: Incompatible color definition on input line 455.


Package xcolor Warning: Incompatible color definition on input line 482.


Package xcolor Warning: Incompatible color definition on input line 482.

[7 <./facebook_analysis_files/figure-latex/unnamed-chunk-2-1.pdf>]
</Users/Rui/Box Sync/CurrentProjects_Penn/TPS12_BART/99_fomo/data/cyberball/ROI
s/png/subacc_roi_mask.png, id=204, 526.96875pt x 222.8325pt>
File: /Users/Rui/Box Sync/CurrentProjects_Penn/TPS12_BART/99_fomo/data/cyberbal
l/ROIs/png/subacc_roi_mask.png Graphic file (type png)
<use /Users/Rui/Box Sync/CurrentProjects_Penn/TPS12_BART/99_fomo/data/cyberball
/ROIs/png/subacc_roi_mask.png>
Package pdftex.def Info: /Users/Rui/Box Sync/CurrentProjects_Penn/TPS12_BART/99
_fomo/data/cyberball/ROIs/png/subacc_roi_mask.png  used on input line 608.
(pdftex.def)             Requested size: 455.685pt x 192.68965pt.
</Users/Rui/Box Sync/CurrentProjects_Penn/TPS12_BART/99_fomo/data/cyberball/ROI
s/png/rInsula_roi_mask.png, id=206, 526.96875pt x 222.8325pt>
File: /Users/Rui/Box Sync/CurrentProjects_Penn/TPS12_BART/99_fomo/data/cyberbal
l/ROIs/png/rInsula_roi_mask.png Graphic file (type png)
<use /Users/Rui/Box Sync/CurrentProjects_Penn/TPS12_BART/99_fomo/data/cyberball
/ROIs/png/rInsula_roi_mask.png>
Package pdftex.def Info: /Users/Rui/Box Sync/CurrentProjects_Penn/TPS12_BART/99
_fomo/data/cyberball/ROIs/png/rInsula_roi_mask.png  used on input line 611.
(pdftex.def)             Requested size: 455.685pt x 192.68965pt.
</Users/Rui/Box Sync/CurrentProjects_Penn/TPS12_BART/99_fomo/data/cyberball/ROI
s/png/lInsula_roi_mask.png, id=207, 526.96875pt x 222.8325pt>
File: /Users/Rui/Box Sync/CurrentProjects_Penn/TPS12_BART/99_fomo/data/cyberbal
l/ROIs/png/lInsula_roi_mask.png Graphic file (type png)
<use /Users/Rui/Box Sync/CurrentProjects_Penn/TPS12_BART/99_fomo/data/cyberball
/ROIs/png/lInsula_roi_mask.png>
Package pdftex.def Info: /Users/Rui/Box Sync/CurrentProjects_Penn/TPS12_BART/99
_fomo/data/cyberball/ROIs/png/lInsula_roi_mask.png  used on input line 614.
(pdftex.def)             Requested size: 455.685pt x 192.68965pt.
</Users/Rui/Box Sync/CurrentProjects_Penn/TPS12_BART/99_fomo/data/cyberball/ROI
s/png/functional_combined_roi_mask.png, id=208, 526.96875pt x 222.8325pt>
File: /Users/Rui/Box Sync/CurrentProjects_Penn/TPS12_BART/99_fomo/data/cyberbal
l/ROIs/png/functional_combined_roi_mask.png Graphic file (type png)
<use /Users/Rui/Box Sync/CurrentProjects_Penn/TPS12_BART/99_fomo/data/cyberball
/ROIs/png/functional_combined_roi_mask.png>
Package pdftex.def Info: /Users/Rui/Box Sync/CurrentProjects_Penn/TPS12_BART/99
_fomo/data/cyberball/ROIs/png/functional_combined_roi_mask.png  used on input l
ine 617.
(pdftex.def)             Requested size: 455.685pt x 192.68965pt.
</Users/Rui/Box Sync/CurrentProjects_Penn/TPS12_BART/99_fomo/data/cyberball/ROI
s/png/dmpfc_roi_mask.png, id=209, 526.96875pt x 222.8325pt>
File: /Users/Rui/Box Sync/CurrentProjects_Penn/TPS12_BART/99_fomo/data/cyberbal
l/ROIs/png/dmpfc_roi_mask.png Graphic file (type png)
<use /Users/Rui/Box Sync/CurrentProjects_Penn/TPS12_BART/99_fomo/data/cyberball
/ROIs/png/dmpfc_roi_mask.png>
Package pdftex.def Info: /Users/Rui/Box Sync/CurrentProjects_Penn/TPS12_BART/99
_fomo/data/cyberball/ROIs/png/dmpfc_roi_mask.png  used on input line 620.
(pdftex.def)             Requested size: 455.685pt x 192.68965pt.
</Users/Rui/Box Sync/CurrentProjects_Penn/TPS12_BART/99_fomo/data/cyberball/ROI
s/png/mmpfc_roi_mask.png, id=210, 526.96875pt x 222.8325pt>
File: /Users/Rui/Box Sync/CurrentProjects_Penn/TPS12_BART/99_fomo/data/cyberbal
l/ROIs/png/mmpfc_roi_mask.png Graphic file (type png)
<use /Users/Rui/Box Sync/CurrentProjects_Penn/TPS12_BART/99_fomo/data/cyberball
/ROIs/png/mmpfc_roi_mask.png>
Package pdftex.def Info: /Users/Rui/Box Sync/CurrentProjects_Penn/TPS12_BART/99
_fomo/data/cyberball/ROIs/png/mmpfc_roi_mask.png  used on input line 623.
(pdftex.def)             Requested size: 455.685pt x 192.68965pt.
</Users/Rui/Box Sync/CurrentProjects_Penn/TPS12_BART/99_fomo/data/cyberball/ROI
s/png/vmpfc_roi_mask.png, id=211, 519.9425pt x 222.8325pt>
File: /Users/Rui/Box Sync/CurrentProjects_Penn/TPS12_BART/99_fomo/data/cyberbal
l/ROIs/png/vmpfc_roi_mask.png Graphic file (type png)
<use /Users/Rui/Box Sync/CurrentProjects_Penn/TPS12_BART/99_fomo/data/cyberball
/ROIs/png/vmpfc_roi_mask.png>
Package pdftex.def Info: /Users/Rui/Box Sync/CurrentProjects_Penn/TPS12_BART/99
_fomo/data/cyberball/ROIs/png/vmpfc_roi_mask.png  used on input line 626.
(pdftex.def)             Requested size: 455.66261pt x 195.28397pt.
</Users/Rui/Box Sync/CurrentProjects_Penn/TPS12_BART/99_fomo/data/cyberball/ROI
s/png/mpfc_roi_mask.png, id=212, 508.90125pt x 232.87pt>
File: /Users/Rui/Box Sync/CurrentProjects_Penn/TPS12_BART/99_fomo/data/cyberbal
l/ROIs/png/mpfc_roi_mask.png Graphic file (type png)
<use /Users/Rui/Box Sync/CurrentProjects_Penn/TPS12_BART/99_fomo/data/cyberball
/ROIs/png/mpfc_roi_mask.png>
Package pdftex.def Info: /Users/Rui/Box Sync/CurrentProjects_Penn/TPS12_BART/99
_fomo/data/cyberball/ROIs/png/mpfc_roi_mask.png  used on input line 629.
(pdftex.def)             Requested size: 455.6851pt x 208.5186pt.
</Users/Rui/Box Sync/CurrentProjects_Penn/TPS12_BART/99_fomo/data/cyberball/ROI
s/png/precuneus_roi_mask.png, id=213, 526.96875pt x 222.8325pt>
File: /Users/Rui/Box Sync/CurrentProjects_Penn/TPS12_BART/99_fomo/data/cyberbal
l/ROIs/png/precuneus_roi_mask.png Graphic file (type png)
<use /Users/Rui/Box Sync/CurrentProjects_Penn/TPS12_BART/99_fomo/data/cyberball
/ROIs/png/precuneus_roi_mask.png>
Package pdftex.def Info: /Users/Rui/Box Sync/CurrentProjects_Penn/TPS12_BART/99
_fomo/data/cyberball/ROIs/png/precuneus_roi_mask.png  used on input line 632.
(pdftex.def)             Requested size: 455.685pt x 192.68965pt.
</Users/Rui/Box Sync/CurrentProjects_Penn/TPS12_BART/99_fomo/data/cyberball/ROI
s/png/lTpj_roi_mask.png, id=214, 526.96875pt x 222.8325pt>
File: /Users/Rui/Box Sync/CurrentProjects_Penn/TPS12_BART/99_fomo/data/cyberbal
l/ROIs/png/lTpj_roi_mask.png Graphic file (type png)
<use /Users/Rui/Box Sync/CurrentProjects_Penn/TPS12_BART/99_fomo/data/cyberball
/ROIs/png/lTpj_roi_mask.png>
Package pdftex.def Info: /Users/Rui/Box Sync/CurrentProjects_Penn/TPS12_BART/99
_fomo/data/cyberball/ROIs/png/lTpj_roi_mask.png  used on input line 635.
(pdftex.def)             Requested size: 455.685pt x 192.68965pt.
</Users/Rui/Box Sync/CurrentProjects_Penn/TPS12_BART/99_fomo/data/cyberball/ROI
s/png/rTpj_roi_mask.png, id=215, 526.96875pt x 222.8325pt>
File: /Users/Rui/Box Sync/CurrentProjects_Penn/TPS12_BART/99_fomo/data/cyberbal
l/ROIs/png/rTpj_roi_mask.png Graphic file (type png)
<use /Users/Rui/Box Sync/CurrentProjects_Penn/TPS12_BART/99_fomo/data/cyberball
/ROIs/png/rTpj_roi_mask.png>
Package pdftex.def Info: /Users/Rui/Box Sync/CurrentProjects_Penn/TPS12_BART/99
_fomo/data/cyberball/ROIs/png/rTpj_roi_mask.png  used on input line 638.
(pdftex.def)             Requested size: 455.685pt x 192.68965pt.
</Users/Rui/Box Sync/CurrentProjects_Penn/TPS12_BART/99_fomo/data/cyberball/ROI
s/png/rSts_roi_mask.png, id=216, 526.96875pt x 222.8325pt>
File: /Users/Rui/Box Sync/CurrentProjects_Penn/TPS12_BART/99_fomo/data/cyberbal
l/ROIs/png/rSts_roi_mask.png Graphic file (type png)
<use /Users/Rui/Box Sync/CurrentProjects_Penn/TPS12_BART/99_fomo/data/cyberball
/ROIs/png/rSts_roi_mask.png>
Package pdftex.def Info: /Users/Rui/Box Sync/CurrentProjects_Penn/TPS12_BART/99
_fomo/data/cyberball/ROIs/png/rSts_roi_mask.png  used on input line 641.
(pdftex.def)             Requested size: 455.685pt x 192.68965pt.
</Users/Rui/Box Sync/CurrentProjects_Penn/TPS12_BART/99_fomo/data/cyberball/ROI
s/png/saxe_combined_mask.png, id=217, 526.96875pt x 222.8325pt>
File: /Users/Rui/Box Sync/CurrentProjects_Penn/TPS12_BART/99_fomo/data/cyberbal
l/ROIs/png/saxe_combined_mask.png Graphic file (type png)
<use /Users/Rui/Box Sync/CurrentProjects_Penn/TPS12_BART/99_fomo/data/cyberball
/ROIs/png/saxe_combined_mask.png>
Package pdftex.def Info: /Users/Rui/Box Sync/CurrentProjects_Penn/TPS12_BART/99
_fomo/data/cyberball/ROIs/png/saxe_combined_mask.png  used on input line 644.
(pdftex.def)             Requested size: 455.685pt x 192.68965pt.
</Users/Rui/Box Sync/CurrentProjects_Penn/TPS12_BART/99_fomo/data/cyberball/ROI
s/png/ns_ment_mask.png, id=218, 498.86375pt x 207.77625pt>
File: /Users/Rui/Box Sync/CurrentProjects_Penn/TPS12_BART/99_fomo/data/cyberbal
l/ROIs/png/ns_ment_mask.png Graphic file (type png)
<use /Users/Rui/Box Sync/CurrentProjects_Penn/TPS12_BART/99_fomo/data/cyberball
/ROIs/png/ns_ment_mask.png>
Package pdftex.def Info: /Users/Rui/Box Sync/CurrentProjects_Penn/TPS12_BART/99
_fomo/data/cyberball/ROIs/png/ns_ment_mask.png  used on input line 647.
(pdftex.def)             Requested size: 455.67943pt x 189.79001pt.
</Users/Rui/Box Sync/CurrentProjects_Penn/TPS12_BART/99_fomo/data/cyberball/ROI
s/png/ns_ment_clust1_mask.png, id=219, 502.87875pt x 202.7575pt>
File: /Users/Rui/Box Sync/CurrentProjects_Penn/TPS12_BART/99_fomo/data/cyberbal
l/ROIs/png/ns_ment_clust1_mask.png Graphic file (type png)
<use /Users/Rui/Box Sync/CurrentProjects_Penn/TPS12_BART/99_fomo/data/cyberball
/ROIs/png/ns_ment_clust1_mask.png>
Package pdftex.def Info: /Users/Rui/Box Sync/CurrentProjects_Penn/TPS12_BART/99
_fomo/data/cyberball/ROIs/png/ns_ment_clust1_mask.png  used on input line 650.
(pdftex.def)             Requested size: 455.66368pt x 183.72069pt.
</Users/Rui/Box Sync/CurrentProjects_Penn/TPS12_BART/99_fomo/data/cyberball/ROI
s/png/ns_ment_clust2_mask.png, id=220, 495.8525pt x 202.7575pt>
File: /Users/Rui/Box Sync/CurrentProjects_Penn/TPS12_BART/99_fomo/data/cyberbal
l/ROIs/png/ns_ment_clust2_mask.png Graphic file (type png)
<use /Users/Rui/Box Sync/CurrentProjects_Penn/TPS12_BART/99_fomo/data/cyberball
/ROIs/png/ns_ment_clust2_mask.png>
Package pdftex.def Info: /Users/Rui/Box Sync/CurrentProjects_Penn/TPS12_BART/99
_fomo/data/cyberball/ROIs/png/ns_ment_clust2_mask.png  used on input line 653.
(pdftex.def)             Requested size: 455.66777pt x 186.32568pt.
</Users/Rui/Box Sync/CurrentProjects_Penn/TPS12_BART/99_fomo/data/cyberball/ROI
s/png/ns_ment_clust3_mask.png, id=221, 498.86375pt x 206.7725pt>
File: /Users/Rui/Box Sync/CurrentProjects_Penn/TPS12_BART/99_fomo/data/cyberbal
l/ROIs/png/ns_ment_clust3_mask.png Graphic file (type png)
<use /Users/Rui/Box Sync/CurrentProjects_Penn/TPS12_BART/99_fomo/data/cyberball
/ROIs/png/ns_ment_clust3_mask.png>
Package pdftex.def Info: /Users/Rui/Box Sync/CurrentProjects_Penn/TPS12_BART/99
_fomo/data/cyberball/ROIs/png/ns_ment_clust3_mask.png  used on input line 656.
(pdftex.def)             Requested size: 455.67943pt x 188.87315pt.
</Users/Rui/Box Sync/CurrentProjects_Penn/TPS12_BART/99_fomo/data/cyberball/ROI
s/png/ns_ment_clust4_mask.png, id=222, 490.83376pt x 194.7275pt>
File: /Users/Rui/Box Sync/CurrentProjects_Penn/TPS12_BART/99_fomo/data/cyberbal
l/ROIs/png/ns_ment_clust4_mask.png Graphic file (type png)
<use /Users/Rui/Box Sync/CurrentProjects_Penn/TPS12_BART/99_fomo/data/cyberball
/ROIs/png/ns_ment_clust4_mask.png>
Package pdftex.def Info: /Users/Rui/Box Sync/CurrentProjects_Penn/TPS12_BART/99
_fomo/data/cyberball/ROIs/png/ns_ment_clust4_mask.png  used on input line 659.
(pdftex.def)             Requested size: 455.67679pt x 180.77972pt.
</Users/Rui/Box Sync/CurrentProjects_Penn/TPS12_BART/99_fomo/data/cyberball/ROI
s/png/ns_ment_clust7_mask.png, id=223, 493.845pt x 199.74625pt>
File: /Users/Rui/Box Sync/CurrentProjects_Penn/TPS12_BART/99_fomo/data/cyberbal
l/ROIs/png/ns_ment_clust7_mask.png Graphic file (type png)
<use /Users/Rui/Box Sync/CurrentProjects_Penn/TPS12_BART/99_fomo/data/cyberball
/ROIs/png/ns_ment_clust7_mask.png>
Package pdftex.def Info: /Users/Rui/Box Sync/CurrentProjects_Penn/TPS12_BART/99
_fomo/data/cyberball/ROIs/png/ns_ment_clust7_mask.png  used on input line 662.
(pdftex.def)             Requested size: 455.6616pt x 184.30215pt.
[8 </Users/Rui/Box Sync/CurrentProjects_Penn/TPS12_BART/99_fomo/data/cyberball/
ROIs/png/subacc_roi_mask.png> </Users/Rui/Box Sync/CurrentProjects_Penn/TPS12_B
ART/99_fomo/data/cyberball/ROIs/png/rInsula_roi_mask.png>] [9 </Users/Rui/Box S
ync/CurrentProjects_Penn/TPS12_BART/99_fomo/data/cyberball/ROIs/png/lInsula_roi
_mask.png> </Users/Rui/Box Sync/CurrentProjects_Penn/TPS12_BART/99_fomo/data/cy
berball/ROIs/png/functional_combined_roi_mask.png> </Users/Rui/Box Sync/Current
Projects_Penn/TPS12_BART/99_fomo/data/cyberball/ROIs/png/dmpfc_roi_mask.png>] [
10 </Users/Rui/Box Sync/CurrentProjects_Penn/TPS12_BART/99_fomo/data/cyberball/
ROIs/png/mmpfc_roi_mask.png> </Users/Rui/Box Sync/CurrentProjects_Penn/TPS12_BA
RT/99_fomo/data/cyberball/ROIs/png/vmpfc_roi_mask.png> </Users/Rui/Box Sync/Cur
rentProjects_Penn/TPS12_BART/99_fomo/data/cyberball/ROIs/png/mpfc_roi_mask.png>
] [11 </Users/Rui/Box Sync/CurrentProjects_Penn/TPS12_BART/99_fomo/data/cyberba
ll/ROIs/png/precuneus_roi_mask.png> </Users/Rui/Box Sync/CurrentProjects_Penn/T
PS12_BART/99_fomo/data/cyberball/ROIs/png/lTpj_roi_mask.png> </Users/Rui/Box Sy
nc/CurrentProjects_Penn/TPS12_BART/99_fomo/data/cyberball/ROIs/png/rTpj_roi_mas
k.png>] [12 </Users/Rui/Box Sync/CurrentProjects_Penn/TPS12_BART/99_fomo/data/c
yberball/ROIs/png/rSts_roi_mask.png> </Users/Rui/Box Sync/CurrentProjects_Penn/
TPS12_BART/99_fomo/data/cyberball/ROIs/png/saxe_combined_mask.png> </Users/Rui/
Box Sync/CurrentProjects_Penn/TPS12_BART/99_fomo/data/cyberball/ROIs/png/ns_men
t_mask.png>] [13 </Users/Rui/Box Sync/CurrentProjects_Penn/TPS12_BART/99_fomo/d
ata/cyberball/ROIs/png/ns_ment_clust1_mask.png> </Users/Rui/Box Sync/CurrentPro
jects_Penn/TPS12_BART/99_fomo/data/cyberball/ROIs/png/ns_ment_clust2_mask.png> 
</Users/Rui/Box Sync/CurrentProjects_Penn/TPS12_BART/99_fomo/data/cyberball/ROI
s/png/ns_ment_clust3_mask.png>]

Package xcolor Warning: Incompatible color definition on input line 672.


Package xcolor Warning: Incompatible color definition on input line 678.


Package xcolor Warning: Incompatible color definition on input line 678.

<facebook_analysis_files/figure-latex/unnamed-chunk-4-1.pdf, id=267, 216.81pt x
 108.405pt>
File: facebook_analysis_files/figure-latex/unnamed-chunk-4-1.pdf Graphic file (
type pdf)
<use facebook_analysis_files/figure-latex/unnamed-chunk-4-1.pdf>
Package pdftex.def Info: facebook_analysis_files/figure-latex/unnamed-chunk-4-1
.pdf  used on input line 680.
(pdftex.def)             Requested size: 216.81938pt x 108.40968pt.

Package xcolor Warning: Incompatible color definition on input line 684.

[14 </Users/Rui/Box Sync/CurrentProjects_Penn/TPS12_BART/99_fomo/data/cyberball
/ROIs/png/ns_ment_clust4_mask.png> </Users/Rui/Box Sync/CurrentProjects_Penn/TP
S12_BART/99_fomo/data/cyberball/ROIs/png/ns_ment_clust7_mask.png> <./facebook_a
nalysis_files/figure-latex/unnamed-chunk-4-1.pdf>]

Package xcolor Warning: Incompatible color definition on input line 690.


Package xcolor Warning: Incompatible color definition on input line 690.

<facebook_analysis_files/figure-latex/unnamed-chunk-5-1.pdf, id=284, 216.81pt x
 108.405pt>
File: facebook_analysis_files/figure-latex/unnamed-chunk-5-1.pdf Graphic file (
type pdf)
<use facebook_analysis_files/figure-latex/unnamed-chunk-5-1.pdf>
Package pdftex.def Info: facebook_analysis_files/figure-latex/unnamed-chunk-5-1
.pdf  used on input line 692.
(pdftex.def)             Requested size: 216.81938pt x 108.40968pt.

Package xcolor Warning: Incompatible color definition on input line 696.


Package xcolor Warning: Incompatible color definition on input line 702.


Package xcolor Warning: Incompatible color definition on input line 702.

<facebook_analysis_files/figure-latex/unnamed-chunk-6-1.pdf, id=285, 216.81pt x
 108.405pt>
File: facebook_analysis_files/figure-latex/unnamed-chunk-6-1.pdf Graphic file (
type pdf)
<use facebook_analysis_files/figure-latex/unnamed-chunk-6-1.pdf>
Package pdftex.def Info: facebook_analysis_files/figure-latex/unnamed-chunk-6-1
.pdf  used on input line 704.
(pdftex.def)             Requested size: 216.81938pt x 108.40968pt.

Package xcolor Warning: Incompatible color definition on input line 708.


Package xcolor Warning: Incompatible color definition on input line 714.


Package xcolor Warning: Incompatible color definition on input line 714.

<facebook_analysis_files/figure-latex/unnamed-chunk-7-1.pdf, id=286, 216.81pt x
 108.405pt>
File: facebook_analysis_files/figure-latex/unnamed-chunk-7-1.pdf Graphic file (
type pdf)
<use facebook_analysis_files/figure-latex/unnamed-chunk-7-1.pdf>
Package pdftex.def Info: facebook_analysis_files/figure-latex/unnamed-chunk-7-1
.pdf  used on input line 716.
(pdftex.def)             Requested size: 216.81938pt x 108.40968pt.

Package xcolor Warning: Incompatible color definition on input line 723.


Package xcolor Warning: Incompatible color definition on input line 729.


Package xcolor Warning: Incompatible color definition on input line 729.

<facebook_analysis_files/figure-latex/unnamed-chunk-8-1.pdf, id=287, 216.81pt x
 108.405pt>
File: facebook_analysis_files/figure-latex/unnamed-chunk-8-1.pdf Graphic file (
type pdf)
<use facebook_analysis_files/figure-latex/unnamed-chunk-8-1.pdf>
Package pdftex.def Info: facebook_analysis_files/figure-latex/unnamed-chunk-8-1
.pdf  used on input line 731.
(pdftex.def)             Requested size: 216.81938pt x 108.40968pt.
[15 <./facebook_analysis_files/figure-latex/unnamed-chunk-5-1.pdf> <./facebook_
analysis_files/figure-latex/unnamed-chunk-6-1.pdf> <./facebook_analysis_files/f
igure-latex/unnamed-chunk-7-1.pdf>]

Package xcolor Warning: Incompatible color definition on input line 735.


Package xcolor Warning: Incompatible color definition on input line 741.


Package xcolor Warning: Incompatible color definition on input line 741.

<facebook_analysis_files/figure-latex/unnamed-chunk-9-1.pdf, id=320, 216.81pt x
 108.405pt>
File: facebook_analysis_files/figure-latex/unnamed-chunk-9-1.pdf Graphic file (
type pdf)
<use facebook_analysis_files/figure-latex/unnamed-chunk-9-1.pdf>
Package pdftex.def Info: facebook_analysis_files/figure-latex/unnamed-chunk-9-1
.pdf  used on input line 743.
(pdftex.def)             Requested size: 216.81938pt x 108.40968pt.

Package xcolor Warning: Incompatible color definition on input line 747.


Package xcolor Warning: Incompatible color definition on input line 753.


Package xcolor Warning: Incompatible color definition on input line 753.

<facebook_analysis_files/figure-latex/unnamed-chunk-10-1.pdf, id=321, 216.81pt 
x 108.405pt>
File: facebook_analysis_files/figure-latex/unnamed-chunk-10-1.pdf Graphic file 
(type pdf)
<use facebook_analysis_files/figure-latex/unnamed-chunk-10-1.pdf>
Package pdftex.def Info: facebook_analysis_files/figure-latex/unnamed-chunk-10-
1.pdf  used on input line 755.
(pdftex.def)             Requested size: 216.81938pt x 108.40968pt.

Package xcolor Warning: Incompatible color definition on input line 759.


Package xcolor Warning: Incompatible color definition on input line 765.


Package xcolor Warning: Incompatible color definition on input line 765.

<facebook_analysis_files/figure-latex/unnamed-chunk-11-1.pdf, id=322, 216.81pt 
x 108.405pt>
File: facebook_analysis_files/figure-latex/unnamed-chunk-11-1.pdf Graphic file 
(type pdf)
<use facebook_analysis_files/figure-latex/unnamed-chunk-11-1.pdf>
Package pdftex.def Info: facebook_analysis_files/figure-latex/unnamed-chunk-11-
1.pdf  used on input line 767.
(pdftex.def)             Requested size: 216.81938pt x 108.40968pt.

Package xcolor Warning: Incompatible color definition on input line 773.

[16 <./facebook_analysis_files/figure-latex/unnamed-chunk-8-1.pdf> <./facebook_
analysis_files/figure-latex/unnamed-chunk-9-1.pdf> <./facebook_analysis_files/f
igure-latex/unnamed-chunk-10-1.pdf> <./facebook_analysis_files/figure-latex/unn
amed-chunk-11-1.pdf>]

Package xcolor Warning: Incompatible color definition on input line 779.


Package xcolor Warning: Incompatible color definition on input line 779.


Package xcolor Warning: Incompatible color definition on input line 784.


Package xcolor Warning: Incompatible color definition on input line 794.


Package xcolor Warning: Incompatible color definition on input line 794.

<facebook_analysis_files/figure-latex/unnamed-chunk-13-1.pdf, id=365, 469.755pt
 x 325.215pt>
File: facebook_analysis_files/figure-latex/unnamed-chunk-13-1.pdf Graphic file 
(type pdf)
<use facebook_analysis_files/figure-latex/unnamed-chunk-13-1.pdf>
Package pdftex.def Info: facebook_analysis_files/figure-latex/unnamed-chunk-13-
1.pdf  used on input line 796.
(pdftex.def)             Requested size: 469.75386pt x 325.2142pt.

Package xcolor Warning: Incompatible color definition on input line 801.


Package xcolor Warning: Incompatible color definition on input line 810.


Package xcolor Warning: Incompatible color definition on input line 810.

<facebook_analysis_files/figure-latex/unnamed-chunk-14-1.pdf, id=366, 469.755pt
 x 325.215pt>
File: facebook_analysis_files/figure-latex/unnamed-chunk-14-1.pdf Graphic file 
(type pdf)
<use facebook_analysis_files/figure-latex/unnamed-chunk-14-1.pdf>
Package pdftex.def Info: facebook_analysis_files/figure-latex/unnamed-chunk-14-
1.pdf  used on input line 812.
(pdftex.def)             Requested size: 469.75386pt x 325.2142pt.
[17 <./facebook_analysis_files/figure-latex/unnamed-chunk-13-1.pdf>]

Package xcolor Warning: Incompatible color definition on input line 821.


Package xcolor Warning: Incompatible color definition on input line 830.


Package xcolor Warning: Incompatible color definition on input line 830.

<facebook_analysis_files/figure-latex/unnamed-chunk-15-1.pdf, id=378, 469.755pt
 x 325.215pt>
File: facebook_analysis_files/figure-latex/unnamed-chunk-15-1.pdf Graphic file 
(type pdf)
<use facebook_analysis_files/figure-latex/unnamed-chunk-15-1.pdf>
Package pdftex.def Info: facebook_analysis_files/figure-latex/unnamed-chunk-15-
1.pdf  used on input line 832.
(pdftex.def)             Requested size: 469.75386pt x 325.2142pt.
[18 <./facebook_analysis_files/figure-latex/unnamed-chunk-14-1.pdf>]

Package xcolor Warning: Incompatible color definition on input line 838.


Package xcolor Warning: Incompatible color definition on input line 847.


Package xcolor Warning: Incompatible color definition on input line 847.

<facebook_analysis_files/figure-latex/unnamed-chunk-16-1.pdf, id=390, 469.755pt
 x 325.215pt>
File: facebook_analysis_files/figure-latex/unnamed-chunk-16-1.pdf Graphic file 
(type pdf)
<use facebook_analysis_files/figure-latex/unnamed-chunk-16-1.pdf>
Package pdftex.def Info: facebook_analysis_files/figure-latex/unnamed-chunk-16-
1.pdf  used on input line 849.
(pdftex.def)             Requested size: 469.75386pt x 325.2142pt.

Package xcolor Warning: Incompatible color definition on input line 851.

[19 <./facebook_analysis_files/figure-latex/unnamed-chunk-15-1.pdf>]

Package xcolor Warning: Incompatible color definition on input line 856.


Package xcolor Warning: Incompatible color definition on input line 856.

LaTeX Font Info:    Trying to load font information for TS1+lmr on input line 8
72.
(/Users/Rui/Library/TinyTeX/texmf-dist/tex/latex/lm/ts1lmr.fd
File: ts1lmr.fd 2009/10/30 v1.6 Font defs for Latin Modern
)

Package xcolor Warning: Incompatible color definition on input line 896.


Package xcolor Warning: Incompatible color definition on input line 900.


Package xcolor Warning: Incompatible color definition on input line 900.

<facebook_analysis_files/figure-latex/unnamed-chunk-16-2.pdf, id=402, 469.755pt
 x 325.215pt>
File: facebook_analysis_files/figure-latex/unnamed-chunk-16-2.pdf Graphic file 
(type pdf)
<use facebook_analysis_files/figure-latex/unnamed-chunk-16-2.pdf>
Package pdftex.def Info: facebook_analysis_files/figure-latex/unnamed-chunk-16-
2.pdf  used on input line 902.
(pdftex.def)             Requested size: 469.75386pt x 325.2142pt.
[20 <./facebook_analysis_files/figure-latex/unnamed-chunk-16-1.pdf>]

Package xcolor Warning: Incompatible color definition on input line 908.


Package xcolor Warning: Incompatible color definition on input line 928.


Package xcolor Warning: Incompatible color definition on input line 928.

<facebook_analysis_files/figure-latex/unnamed-chunk-17-1.pdf, id=413, 469.755pt
 x 325.215pt>
File: facebook_analysis_files/figure-latex/unnamed-chunk-17-1.pdf Graphic file 
(type pdf)
<use facebook_analysis_files/figure-latex/unnamed-chunk-17-1.pdf>
Package pdftex.def Info: facebook_analysis_files/figure-latex/unnamed-chunk-17-
1.pdf  used on input line 930.
(pdftex.def)             Requested size: 469.75386pt x 325.2142pt.

Package xcolor Warning: Incompatible color definition on input line 932.

[21 <./facebook_analysis_files/figure-latex/unnamed-chunk-16-2.pdf>]

Package xcolor Warning: Incompatible color definition on input line 937.


Package xcolor Warning: Incompatible color definition on input line 937.


Package xcolor Warning: Incompatible color definition on input line 977.


Package xcolor Warning: Incompatible color definition on input line 981.


Package xcolor Warning: Incompatible color definition on input line 981.

<facebook_analysis_files/figure-latex/unnamed-chunk-17-2.pdf, id=424, 469.755pt
 x 325.215pt>
File: facebook_analysis_files/figure-latex/unnamed-chunk-17-2.pdf Graphic file 
(type pdf)
<use facebook_analysis_files/figure-latex/unnamed-chunk-17-2.pdf>
Package pdftex.def Info: facebook_analysis_files/figure-latex/unnamed-chunk-17-
2.pdf  used on input line 983.
(pdftex.def)             Requested size: 469.75386pt x 325.2142pt.
[22 <./facebook_analysis_files/figure-latex/unnamed-chunk-17-1.pdf>]

Package xcolor Warning: Incompatible color definition on input line 989.


Package xcolor Warning: Incompatible color definition on input line 1000.


Package xcolor Warning: Incompatible color definition on input line 1000.

<facebook_analysis_files/figure-latex/unnamed-chunk-18-1.pdf, id=434, 469.755pt
 x 325.215pt>
File: facebook_analysis_files/figure-latex/unnamed-chunk-18-1.pdf Graphic file 
(type pdf)
<use facebook_analysis_files/figure-latex/unnamed-chunk-18-1.pdf>
Package pdftex.def Info: facebook_analysis_files/figure-latex/unnamed-chunk-18-
1.pdf  used on input line 1002.
(pdftex.def)             Requested size: 469.75386pt x 325.2142pt.
[23 <./facebook_analysis_files/figure-latex/unnamed-chunk-17-2.pdf>]

Package xcolor Warning: Incompatible color definition on input line 1007.


Package xcolor Warning: Incompatible color definition on input line 1016.


Package xcolor Warning: Incompatible color definition on input line 1016.

<facebook_analysis_files/figure-latex/unnamed-chunk-19-1.pdf, id=445, 469.755pt
 x 325.215pt>
File: facebook_analysis_files/figure-latex/unnamed-chunk-19-1.pdf Graphic file 
(type pdf)
<use facebook_analysis_files/figure-latex/unnamed-chunk-19-1.pdf>
Package pdftex.def Info: facebook_analysis_files/figure-latex/unnamed-chunk-19-
1.pdf  used on input line 1018.
(pdftex.def)             Requested size: 469.75386pt x 325.2142pt.

Package xcolor Warning: Incompatible color definition on input line 1020.

[24 <./facebook_analysis_files/figure-latex/unnamed-chunk-18-1.pdf>]

Package xcolor Warning: Incompatible color definition on input line 1025.


Package xcolor Warning: Incompatible color definition on input line 1025.


Package xcolor Warning: Incompatible color definition on input line 1035.


Package xcolor Warning: Incompatible color definition on input line 1044.


Package xcolor Warning: Incompatible color definition on input line 1044.

<facebook_analysis_files/figure-latex/unnamed-chunk-20-1.pdf, id=457, 469.755pt
 x 325.215pt>
File: facebook_analysis_files/figure-latex/unnamed-chunk-20-1.pdf Graphic file 
(type pdf)
<use facebook_analysis_files/figure-latex/unnamed-chunk-20-1.pdf>
Package pdftex.def Info: facebook_analysis_files/figure-latex/unnamed-chunk-20-
1.pdf  used on input line 1046.
(pdftex.def)             Requested size: 469.75386pt x 325.2142pt.

Package xcolor Warning: Incompatible color definition on input line 1048.

[25 <./facebook_analysis_files/figure-latex/unnamed-chunk-19-1.pdf>]

Package xcolor Warning: Incompatible color definition on input line 1053.


Package xcolor Warning: Incompatible color definition on input line 1053.


Package xcolor Warning: Incompatible color definition on input line 1096.


Package xcolor Warning: Incompatible color definition on input line 1106.


Package xcolor Warning: Incompatible color definition on input line 1106.


Package xcolor Warning: Incompatible color definition on input line 1106.

[26 <./facebook_analysis_files/figure-latex/unnamed-chunk-20-1.pdf>]

Package xcolor Warning: Incompatible color definition on input line 1106.


Package xcolor Warning: Incompatible color definition on input line 1106.

<facebook_analysis_files/figure-latex/unnamed-chunk-21-1.pdf, id=480, 469.755pt
 x 325.215pt>
File: facebook_analysis_files/figure-latex/unnamed-chunk-21-1.pdf Graphic file 
(type pdf)
<use facebook_analysis_files/figure-latex/unnamed-chunk-21-1.pdf>
Package pdftex.def Info: facebook_analysis_files/figure-latex/unnamed-chunk-21-
1.pdf  used on input line 1108.
(pdftex.def)             Requested size: 469.75386pt x 325.2142pt.

Package xcolor Warning: Incompatible color definition on input line 1110.


Package xcolor Warning: Incompatible color definition on input line 1115.


Package xcolor Warning: Incompatible color definition on input line 1115.


LaTeX Warning: `!h' float specifier changed to `!ht'.


Package xcolor Warning: Incompatible color definition on input line 1159.


Package xcolor Warning: Incompatible color definition on input line 1213.


Package xcolor Warning: Incompatible color definition on input line 1213.


Package xcolor Warning: Incompatible color definition on input line 1213.

[27 <./facebook_analysis_files/figure-latex/unnamed-chunk-21-1.pdf>]

Package xcolor Warning: Incompatible color definition on input line 1213.


Package xcolor Warning: Incompatible color definition on input line 1213.


Underfull \vbox (badness 10000) detected at line 1213
 []


Underfull \vbox (badness 10000) detected at line 1213
 []


Package xcolor Warning: Incompatible color definition on input line 1213.

[28]

Package xcolor Warning: Incompatible color definition on input line 1213.


Package xcolor Warning: Incompatible color definition on input line 1213.


Package xcolor Warning: Incompatible color definition on input line 1218.


Package xcolor Warning: Incompatible color definition on input line 1227.


Package xcolor Warning: Incompatible color definition on input line 1227.

<facebook_analysis_files/figure-latex/unnamed-chunk-23-1.pdf, id=495, 469.755pt
 x 325.215pt>
File: facebook_analysis_files/figure-latex/unnamed-chunk-23-1.pdf Graphic file 
(type pdf)
<use facebook_analysis_files/figure-latex/unnamed-chunk-23-1.pdf>
Package pdftex.def Info: facebook_analysis_files/figure-latex/unnamed-chunk-23-
1.pdf  used on input line 1229.
(pdftex.def)             Requested size: 469.75386pt x 325.2142pt.

Package xcolor Warning: Incompatible color definition on input line 1235.


Package xcolor Warning: Incompatible color definition on input line 1243.


Package xcolor Warning: Incompatible color definition on input line 1243.

<facebook_analysis_files/figure-latex/unnamed-chunk-24-1.pdf, id=496, 469.755pt
 x 325.215pt>
File: facebook_analysis_files/figure-latex/unnamed-chunk-24-1.pdf Graphic file 
(type pdf)
<use facebook_analysis_files/figure-latex/unnamed-chunk-24-1.pdf>
Package pdftex.def Info: facebook_analysis_files/figure-latex/unnamed-chunk-24-
1.pdf  used on input line 1245.
(pdftex.def)             Requested size: 469.75386pt x 325.2142pt.
[29 <./facebook_analysis_files/figure-latex/unnamed-chunk-23-1.pdf>]

Package xcolor Warning: Incompatible color definition on input line 1251.


Package xcolor Warning: Incompatible color definition on input line 1262.


Package xcolor Warning: Incompatible color definition on input line 1262.

<facebook_analysis_files/figure-latex/unnamed-chunk-25-1.pdf, id=508, 469.755pt
 x 325.215pt>
File: facebook_analysis_files/figure-latex/unnamed-chunk-25-1.pdf Graphic file 
(type pdf)
<use facebook_analysis_files/figure-latex/unnamed-chunk-25-1.pdf>
Package pdftex.def Info: facebook_analysis_files/figure-latex/unnamed-chunk-25-
1.pdf  used on input line 1264.
(pdftex.def)             Requested size: 469.75386pt x 325.2142pt.
[30 <./facebook_analysis_files/figure-latex/unnamed-chunk-24-1.pdf>]

Package xcolor Warning: Incompatible color definition on input line 1269.


Package xcolor Warning: Incompatible color definition on input line 1278.


Package xcolor Warning: Incompatible color definition on input line 1278.

<facebook_analysis_files/figure-latex/unnamed-chunk-26-1.pdf, id=519, 469.755pt
 x 325.215pt>
File: facebook_analysis_files/figure-latex/unnamed-chunk-26-1.pdf Graphic file 
(type pdf)
<use facebook_analysis_files/figure-latex/unnamed-chunk-26-1.pdf>
Package pdftex.def Info: facebook_analysis_files/figure-latex/unnamed-chunk-26-
1.pdf  used on input line 1280.
(pdftex.def)             Requested size: 469.75386pt x 325.2142pt.
Package atveryend Info: Empty hook `BeforeClearDocument' on input line 1282.
[31 <./facebook_analysis_files/figure-latex/unnamed-chunk-25-1.pdf>] [32 <./fac
ebook_analysis_files/figure-latex/unnamed-chunk-26-1.pdf>]
Package atveryend Info: Empty hook `AfterLastShipout' on input line 1282.
(./facebook_analysis.aux)
Package atveryend Info: Executing hook `AtVeryEndDocument' on input line 1282.
Package atveryend Info: Executing hook `AtEndAfterFileList' on input line 1282.

Package rerunfilecheck Info: File `facebook_analysis.out' has not changed.
(rerunfilecheck)             Checksum: D9D00D39641651C8DDAC77134A1996D9;4344.
 ) 
Here is how much of TeX's memory you used:
 14790 strings out of 482424
 233486 string characters out of 5944450
 525470 words of memory out of 5000000
 30101 multiletter control sequences out of 15000+600000
 583058 words of font info for 80 fonts, out of 8000000 for 9000
 14 hyphenation exceptions out of 8191
 34i,11n,42p,825b,441s stack positions out of 5000i,500n,10000p,200000b,80000s
{/Users/Rui/Library/TinyTeX/texmf-dist/fonts/enc/dvips/lm/lm-ts1.enc}{/Users/
Rui/Library/TinyTeX/texmf-dist/fonts/enc/dvips/lm/lm-ec.enc}</Users/Rui/Library
/TinyTeX/texmf-dist/fonts/type1/public/lm/lmbx10.pfb></Users/Rui/Library/TinyTe
X/texmf-dist/fonts/type1/public/lm/lmbx12.pfb></Users/Rui/Library/TinyTeX/texmf
-dist/fonts/type1/public/lm/lmr10.pfb></Users/Rui/Library/TinyTeX/texmf-dist/fo
nts/type1/public/lm/lmr12.pfb></Users/Rui/Library/TinyTeX/texmf-dist/fonts/type
1/public/lm/lmr17.pfb></Users/Rui/Library/TinyTeX/texmf-dist/fonts/type1/public
/lm/lmtk10.pfb></Users/Rui/Library/TinyTeX/texmf-dist/fonts/type1/public/lm/lmt
t10.pfb></Users/Rui/Library/TinyTeX/texmf-dist/fonts/type1/public/lm/lmtti10.pf
b>
Output written on facebook_analysis.pdf (32 pages, 1702249 bytes).
PDF statistics:
 593 PDF objects out of 1000 (max. 8388607)
 458 compressed objects within 5 object streams
 96 named destinations out of 1000 (max. 500000)
 10653 words of extra memory for PDF output out of 12000 (max. 10000000)

